
------------------------------------
  Logging start.  ## CURRENT TIME  : [4/27, 2016   13:49  49.997]  ## COMMAND LINE  : 
cmd /C "gen_csini.exe"
------------------------------------
[STD-IN] : E:\Minotaur2_New\TrueSTUDIO\.metadata\.plugins\sst.csgp\bin\env_vars.txt
GUI is waiting for subprocess to be done...
Execution done. EXIT CODE = 0
  Logging finished.  ## CURRENT TIME  : [4/27, 2016   13:49  53.631]
------------------------------------

------------------------------------
  Logging start.  ## CURRENT TIME  : [4/27, 2016   13:53  33.949]  ## COMMAND LINE  : 
cmd /C "gen_csini.exe"
------------------------------------
[STD-IN] : E:\Minotaur2_New\TrueSTUDIO\.metadata\.plugins\sst.csgp\bin\env_vars.txt
GUI is waiting for subprocess to be done...
Execution done. EXIT CODE = 0
  Logging finished.  ## CURRENT TIME  : [4/27, 2016   13:53  36.939]
------------------------------------

------------------------------------
  Logging start.  ## CURRENT TIME  : [4/27, 2016   13:56  33.735]  ## COMMAND LINE  : 
cmd /C "gen_csini.exe"
------------------------------------
[STD-IN] : E:\Minotaur2_New\TrueSTUDIO\.metadata\.plugins\sst.csgp\bin\env_vars.txt
GUI is waiting for subprocess to be done...
Execution done. EXIT CODE = 0
  Logging finished.  ## CURRENT TIME  : [4/27, 2016   13:56  36.735]
------------------------------------
