
------------------------------------
  Logging start.  ## CURRENT TIME  : [4/27, 2016   14:25  41.256]  ## COMMAND LINE  : 
cmd /C "gen_csini.exe"
------------------------------------
[STD-IN] : E:\Minotaur2_New\.metadata\.plugins\sst.csgp\bin\env_vars.txt
GUI is waiting for subprocess to be done...
Execution done. EXIT CODE = 0
  Logging finished.  ## CURRENT TIME  : [4/27, 2016   14:25  44.901]
------------------------------------

------------------------------------
  Logging start.  ## CURRENT TIME  : [4/27, 2016   15:49  55.906]  ## COMMAND LINE  : 
cmd /C "gen_csini.exe"
------------------------------------
[STD-IN] : E:\Minotaur2_New\.metadata\.plugins\sst.csgp\bin\env_vars.txt
GUI is waiting for subprocess to be done...
Execution done. EXIT CODE = 0
  Logging finished.  ## CURRENT TIME  : [4/27, 2016   15:50  0.951]
------------------------------------

------------------------------------
  Logging start.  ## CURRENT TIME  : [5/3, 2016   21:36  49.25]  ## COMMAND LINE  : 
cmd /C "gen_csini.exe"
------------------------------------
[STD-IN] : E:\Minotaur2_New\.metadata\.plugins\sst.csgp\bin\env_vars.txt
GUI is waiting for subprocess to be done...
Execution done. EXIT CODE = 0
  Logging finished.  ## CURRENT TIME  : [5/3, 2016   21:36  52.791]
------------------------------------

------------------------------------
  Logging start.  ## CURRENT TIME  : [5/4, 2016   13:19  54.815]  ## COMMAND LINE  : 
cmd /C "gen_csini.exe"
------------------------------------
[STD-IN] : E:\Minotaur2_New\.metadata\.plugins\sst.csgp\bin\env_vars.txt
GUI is waiting for subprocess to be done...
Execution done. EXIT CODE = 0
  Logging finished.  ## CURRENT TIME  : [5/4, 2016   13:19  58.293]
------------------------------------

------------------------------------
  Logging start.  ## CURRENT TIME  : [5/4, 2016   13:38  53.816]  ## COMMAND LINE  : 
cmd /C "gen_csini.exe"
------------------------------------
[STD-IN] : E:\Minotaur2_New\.metadata\.plugins\sst.csgp\bin\env_vars.txt
GUI is waiting for subprocess to be done...
Execution done. EXIT CODE = 0
  Logging finished.  ## CURRENT TIME  : [5/4, 2016   13:38  57.42]
------------------------------------
